10:11:51.739 [main] INFO  com.zb.dividend.DividendApplication - Starting DividendApplication using Java 17.0.3.1 on gim-yunjaeui-MacBookAir.local with PID 3585 (/Users/dbswo/study/spring/dividend/build/classes/java/main started by dbswo in /Users/dbswo/study/spring/dividend)
10:11:51.740 [main] INFO  com.zb.dividend.DividendApplication - No active profile set, falling back to 1 default profile: "default"
10:11:52.072 [main] INFO  o.s.d.r.c.RepositoryConfigurationDelegate - Multiple Spring Data modules found, entering strict repository configuration mode
10:11:52.073 [main] INFO  o.s.d.r.c.RepositoryConfigurationDelegate - Bootstrapping Spring Data JPA repositories in DEFAULT mode.
10:11:52.153 [main] INFO  o.s.d.r.c.RepositoryConfigurationDelegate - Finished Spring Data repository scanning in 76 ms. Found 3 JPA repository interfaces.
10:11:52.161 [main] INFO  o.s.d.r.c.RepositoryConfigurationDelegate - Multiple Spring Data modules found, entering strict repository configuration mode
10:11:52.162 [main] INFO  o.s.d.r.c.RepositoryConfigurationDelegate - Bootstrapping Spring Data Redis repositories in DEFAULT mode.
10:11:52.169 [main] INFO  o.s.d.r.c.RepositoryConfigurationExtensionSupport - Spring Data Redis - Could not safely identify store assignment for repository candidate interface com.zb.dividend.persist.CompanyRepository; If you want this repository to be a Redis repository, consider annotating your entities with one of these annotations: org.springframework.data.redis.core.RedisHash (preferred), or consider extending one of the following types with your repository: org.springframework.data.keyvalue.repository.KeyValueRepository
10:11:52.170 [main] INFO  o.s.d.r.c.RepositoryConfigurationExtensionSupport - Spring Data Redis - Could not safely identify store assignment for repository candidate interface com.zb.dividend.persist.DividendRepository; If you want this repository to be a Redis repository, consider annotating your entities with one of these annotations: org.springframework.data.redis.core.RedisHash (preferred), or consider extending one of the following types with your repository: org.springframework.data.keyvalue.repository.KeyValueRepository
10:11:52.170 [main] INFO  o.s.d.r.c.RepositoryConfigurationExtensionSupport - Spring Data Redis - Could not safely identify store assignment for repository candidate interface com.zb.dividend.persist.MemberRepository; If you want this repository to be a Redis repository, consider annotating your entities with one of these annotations: org.springframework.data.redis.core.RedisHash (preferred), or consider extending one of the following types with your repository: org.springframework.data.keyvalue.repository.KeyValueRepository
10:11:52.171 [main] INFO  o.s.d.r.c.RepositoryConfigurationDelegate - Finished Spring Data repository scanning in 4 ms. Found 0 Redis repository interfaces.
10:11:52.468 [main] INFO  o.s.b.w.e.tomcat.TomcatWebServer - Tomcat initialized with port(s): 8080 (http)
10:11:52.472 [main] INFO  o.a.coyote.http11.Http11NioProtocol - Initializing ProtocolHandler ["http-nio-8080"]
10:11:52.472 [main] INFO  o.a.catalina.core.StandardService - Starting service [Tomcat]
10:11:52.472 [main] INFO  o.a.catalina.core.StandardEngine - Starting Servlet engine: [Apache Tomcat/9.0.73]
10:11:52.524 [main] INFO  o.a.c.c.C.[Tomcat].[localhost].[/] - Initializing Spring embedded WebApplicationContext
10:11:52.525 [main] INFO  o.s.b.w.s.c.ServletWebServerApplicationContext - Root WebApplicationContext: initialization completed in 765 ms
10:11:52.541 [main] INFO  com.zaxxer.hikari.HikariDataSource - HikariPool-1 - Starting...
10:11:52.633 [main] INFO  com.zaxxer.hikari.HikariDataSource - HikariPool-1 - Start completed.
10:11:52.639 [main] INFO  o.s.b.a.h.H2ConsoleAutoConfiguration - H2 console available at '/h2-console'. Database available at 'jdbc:h2:~/test'
10:11:52.719 [main] INFO  o.h.jpa.internal.util.LogHelper - HHH000204: Processing PersistenceUnitInfo [name: default]
10:11:52.745 [main] INFO  org.hibernate.Version - HHH000412: Hibernate ORM core version 5.6.15.Final
10:11:52.819 [main] INFO  o.h.annotations.common.Version - HCANN000001: Hibernate Commons Annotations {5.1.2.Final}
10:11:52.868 [main] INFO  org.hibernate.dialect.Dialect - HHH000400: Using dialect: org.hibernate.dialect.H2Dialect
10:11:53.128 [main] INFO  o.h.e.t.j.p.i.JtaPlatformInitiator - HHH000490: Using JtaPlatform implementation: [org.hibernate.engine.transaction.jta.platform.internal.NoJtaPlatform]
10:11:53.132 [main] INFO  o.s.o.j.LocalContainerEntityManagerFactoryBean - Initialized JPA EntityManagerFactory for persistence unit 'default'
10:11:53.375 [main] WARN  o.s.b.a.o.j.JpaBaseConfiguration$JpaWebConfiguration - spring.jpa.open-in-view is enabled by default. Therefore, database queries may be performed during view rendering. Explicitly configure spring.jpa.open-in-view to disable this warning
10:11:53.569 [main] WARN  o.s.s.c.a.web.builders.WebSecurity - You are asking Spring Security to ignore Ant [pattern='/h2-console/**']. This is not recommended -- please use permitAll via HttpSecurity#authorizeHttpRequests instead.
10:11:53.569 [main] INFO  o.s.s.web.DefaultSecurityFilterChain - Will not secure Ant [pattern='/h2-console/**']
10:11:53.587 [main] INFO  o.s.s.web.DefaultSecurityFilterChain - Will secure any request with [org.springframework.security.web.session.DisableEncodeUrlFilter@34074149, org.springframework.security.web.context.request.async.WebAsyncManagerIntegrationFilter@3f7bf0f6, org.springframework.security.web.context.SecurityContextPersistenceFilter@75d61b62, org.springframework.security.web.header.HeaderWriterFilter@662b199, org.springframework.security.web.authentication.logout.LogoutFilter@687d31a9, com.zb.dividend.security.JwtAuthenticationFilter@25b402ea, org.springframework.security.web.savedrequest.RequestCacheAwareFilter@53086bdc, org.springframework.security.web.servletapi.SecurityContextHolderAwareRequestFilter@1d1da00b, org.springframework.security.web.authentication.AnonymousAuthenticationFilter@45430a27, org.springframework.security.web.session.SessionManagementFilter@255482cb, org.springframework.security.web.access.ExceptionTranslationFilter@321558f8, org.springframework.security.web.access.intercept.AuthorizationFilter@2ffaa711]
10:11:53.852 [main] INFO  o.a.coyote.http11.Http11NioProtocol - Starting ProtocolHandler ["http-nio-8080"]
10:11:53.860 [main] INFO  o.s.b.w.e.tomcat.TomcatWebServer - Tomcat started on port(s): 8080 (http) with context path ''
10:11:53.867 [main] INFO  com.zb.dividend.DividendApplication - Started DividendApplication in 2.353 seconds (JVM running for 2.852)
10:14:54.590 [http-nio-8080-exec-2] INFO  o.a.c.c.C.[Tomcat].[localhost].[/] - Initializing Spring DispatcherServlet 'dispatcherServlet'
10:14:54.591 [http-nio-8080-exec-2] INFO  o.s.web.servlet.DispatcherServlet - Initializing Servlet 'dispatcherServlet'
10:14:54.592 [http-nio-8080-exec-2] INFO  o.s.web.servlet.DispatcherServlet - Completed initialization in 1 ms
10:15:04.095 [http-nio-8080-exec-3] INFO  com.zb.dividend.web.AuthController - user login -> grace
10:16:17.400 [http-nio-8080-exec-5] INFO  c.z.d.s.JwtAuthenticationFilter - [grace] -> /company
10:16:17.403 [http-nio-8080-exec-5] WARN  o.s.w.s.m.s.DefaultHandlerExceptionResolver - Resolved [org.springframework.web.HttpMediaTypeNotSupportedException: Content type 'text/plain;charset=UTF-8' not supported]
10:16:23.319 [http-nio-8080-exec-7] INFO  c.z.d.s.JwtAuthenticationFilter - [grace] -> /company
10:16:26.957 [Forwarding newSession on session null to remote] INFO  o.o.s.remote.ProtocolHandshake - Detected dialect: W3C
10:16:26.992 [http-nio-8080-exec-7] WARN  o.o.s.devtools.CdpVersionFinder - Unable to find an exact match for CDP version 112, so returning the closest version found: 111
10:16:27.002 [http-nio-8080-exec-7] INFO  o.o.s.devtools.CdpVersionFinder - Found CDP implementation for version 112 of 111
10:16:41.524 [AsyncHttpClient-6-4] WARN  o.a.netty.handler.WebSocketHandler - onError
java.net.SocketException: Connection reset
	at java.base/sun.nio.ch.SocketChannelImpl.throwConnectionReset(SocketChannelImpl.java:394)
	at java.base/sun.nio.ch.SocketChannelImpl.read(SocketChannelImpl.java:426)
	at io.netty.buffer.PooledByteBuf.setBytes(PooledByteBuf.java:256)
	at io.netty.buffer.AbstractByteBuf.writeBytes(AbstractByteBuf.java:1132)
	at io.netty.channel.socket.nio.NioSocketChannel.doReadBytes(NioSocketChannel.java:357)
	at io.netty.channel.nio.AbstractNioByteChannel$NioByteUnsafe.read(AbstractNioByteChannel.java:151)
	at io.netty.channel.nio.NioEventLoop.processSelectedKey(NioEventLoop.java:788)
	at io.netty.channel.nio.NioEventLoop.processSelectedKeysOptimized(NioEventLoop.java:724)
	at io.netty.channel.nio.NioEventLoop.processSelectedKeys(NioEventLoop.java:650)
	at io.netty.channel.nio.NioEventLoop.run(NioEventLoop.java:562)
	at io.netty.util.concurrent.SingleThreadEventExecutor$4.run(SingleThreadEventExecutor.java:997)
	at io.netty.util.internal.ThreadExecutorMap$2.run(ThreadExecutorMap.java:74)
	at io.netty.util.concurrent.FastThreadLocalRunnable.run(FastThreadLocalRunnable.java:30)
	at java.base/java.lang.Thread.run(Thread.java:833)
10:16:41.525 [AsyncHttpClient-6-4] WARN  o.o.selenium.remote.http.WebSocket - Connection reset
java.net.SocketException: Connection reset
	at java.base/sun.nio.ch.SocketChannelImpl.throwConnectionReset(SocketChannelImpl.java:394)
	at java.base/sun.nio.ch.SocketChannelImpl.read(SocketChannelImpl.java:426)
	at io.netty.buffer.PooledByteBuf.setBytes(PooledByteBuf.java:256)
	at io.netty.buffer.AbstractByteBuf.writeBytes(AbstractByteBuf.java:1132)
	at io.netty.channel.socket.nio.NioSocketChannel.doReadBytes(NioSocketChannel.java:357)
	at io.netty.channel.nio.AbstractNioByteChannel$NioByteUnsafe.read(AbstractNioByteChannel.java:151)
	at io.netty.channel.nio.NioEventLoop.processSelectedKey(NioEventLoop.java:788)
	at io.netty.channel.nio.NioEventLoop.processSelectedKeysOptimized(NioEventLoop.java:724)
	at io.netty.channel.nio.NioEventLoop.processSelectedKeys(NioEventLoop.java:650)
	at io.netty.channel.nio.NioEventLoop.run(NioEventLoop.java:562)
	at io.netty.util.concurrent.SingleThreadEventExecutor$4.run(SingleThreadEventExecutor.java:997)
	at io.netty.util.internal.ThreadExecutorMap$2.run(ThreadExecutorMap.java:74)
	at io.netty.util.concurrent.FastThreadLocalRunnable.run(FastThreadLocalRunnable.java:30)
	at java.base/java.lang.Thread.run(Thread.java:833)
10:18:29.657 [http-nio-8080-exec-10] INFO  c.z.d.s.JwtAuthenticationFilter - [grace] -> /finance/dividend/3M%20Company
10:18:45.649 [http-nio-8080-exec-1] INFO  c.z.d.s.JwtAuthenticationFilter - [grace] -> /finance/dividend/3MCompany
10:23:16.553 [http-nio-8080-exec-3] INFO  c.z.d.s.JwtAuthenticationFilter - [grace] -> /company/MMM
10:23:24.014 [http-nio-8080-exec-6] INFO  c.z.d.s.JwtAuthenticationFilter - [grace] -> /company/MMM
